  [1m[35m (6.4ms)[0m  [1m[34mSELECT sqlite_version(*)[0m
  [1m[35m (4.2ms)[0m  [1m[35mCREATE TABLE "schema_migrations" ("version" varchar NOT NULL PRIMARY KEY)[0m
  [1m[35m (1.7ms)[0m  [1m[35mCREATE TABLE "ar_internal_metadata" ("key" varchar NOT NULL PRIMARY KEY, "value" varchar, "created_at" datetime(6) NOT NULL, "updated_at" datetime(6) NOT NULL)[0m
  [1m[36mActiveRecord::InternalMetadata Load (1.3ms)[0m  [1m[34mSELECT "ar_internal_metadata".* FROM "ar_internal_metadata" WHERE "ar_internal_metadata"."key" = ? LIMIT ?[0m  [["key", "environment"], ["LIMIT", 1]]
  [1m[36mTRANSACTION (0.1ms)[0m  [1m[36mbegin transaction[0m
  [1m[36mActiveRecord::InternalMetadata Create (0.9ms)[0m  [1m[32mINSERT INTO "ar_internal_metadata" ("key", "value", "created_at", "updated_at") VALUES (?, ?, ?, ?)[0m  [["key", "environment"], ["value", "development"], ["created_at", "2022-09-18 03:53:10.076909"], ["updated_at", "2022-09-18 03:53:10.076909"]]
  [1m[36mTRANSACTION (3.4ms)[0m  [1m[36mcommit transaction[0m
  [1m[35m (0.1ms)[0m  [1m[34mSELECT sqlite_version(*)[0m
  [1m[35m (0.2ms)[0m  [1m[34mSELECT "schema_migrations"."version" FROM "schema_migrations" ORDER BY "schema_migrations"."version" ASC[0m
  [1m[35m (0.9ms)[0m  [1m[34mSELECT sqlite_version(*)[0m
  [1m[35m (0.6ms)[0m  [1m[34mSELECT "schema_migrations"."version" FROM "schema_migrations" ORDER BY "schema_migrations"."version" ASC[0m
  [1m[35m (2.8ms)[0m  [1m[34mSELECT sqlite_version(*)[0m
  [1m[36mProject Load (0.5ms)[0m  [1m[34mSELECT "projects".* FROM "projects" /* loading for inspect */ LIMIT ?[0m  [["LIMIT", 11]]
  [1m[35m (4.8ms)[0m  [1m[34mSELECT sqlite_version(*)[0m
  [1m[36mActiveRecord::InternalMetadata Load (1.2ms)[0m  [1m[34mSELECT "ar_internal_metadata".* FROM "ar_internal_metadata" WHERE "ar_internal_metadata"."key" = ? LIMIT ?[0m  [["key", "environment"], ["LIMIT", 1]]
  [1m[35m (0.1ms)[0m  [1m[34mSELECT sqlite_version(*)[0m
  [1m[35m (0.4ms)[0m  [1m[34mSELECT "schema_migrations"."version" FROM "schema_migrations" ORDER BY "schema_migrations"."version" ASC[0m
  [1m[35m (1.5ms)[0m  [1m[34mSELECT sqlite_version(*)[0m
  [1m[35m (0.5ms)[0m  [1m[34mSELECT "schema_migrations"."version" FROM "schema_migrations" ORDER BY "schema_migrations"."version" ASC[0m
  [1m[35m (0.1ms)[0m  [1m[34mSELECT sqlite_version(*)[0m
  [1m[35m (3.4ms)[0m  [1m[34mSELECT sqlite_version(*)[0m
  [1m[36mProject Load (0.7ms)[0m  [1m[34mSELECT "projects".* FROM "projects" /* loading for inspect */ LIMIT ?[0m  [["LIMIT", 11]]
  [1m[35m (1.6ms)[0m  [1m[34mSELECT sqlite_version(*)[0m
  [1m[35m (3.4ms)[0m  [1m[35mCREATE TABLE "schema_migrations" ("version" varchar NOT NULL PRIMARY KEY)[0m
  [1m[35m (1.4ms)[0m  [1m[35mCREATE TABLE "ar_internal_metadata" ("key" varchar NOT NULL PRIMARY KEY, "value" varchar, "created_at" datetime(6) NOT NULL, "updated_at" datetime(6) NOT NULL)[0m
  [1m[36mActiveRecord::InternalMetadata Load (0.3ms)[0m  [1m[34mSELECT "ar_internal_metadata".* FROM "ar_internal_metadata" WHERE "ar_internal_metadata"."key" = ? LIMIT ?[0m  [["key", "environment"], ["LIMIT", 1]]
  [1m[36mTRANSACTION (0.1ms)[0m  [1m[36mbegin transaction[0m
  [1m[36mActiveRecord::InternalMetadata Create (0.7ms)[0m  [1m[32mINSERT INTO "ar_internal_metadata" ("key", "value", "created_at", "updated_at") VALUES (?, ?, ?, ?)[0m  [["key", "environment"], ["value", "development"], ["created_at", "2022-09-18 04:10:36.876915"], ["updated_at", "2022-09-18 04:10:36.876915"]]
  [1m[36mTRANSACTION (0.9ms)[0m  [1m[36mcommit transaction[0m
  [1m[35m (0.3ms)[0m  [1m[34mSELECT sqlite_version(*)[0m
  [1m[35m (0.2ms)[0m  [1m[34mSELECT "schema_migrations"."version" FROM "schema_migrations" ORDER BY "schema_migrations"."version" ASC[0m
  [1m[35m (2.3ms)[0m  [1m[34mSELECT sqlite_version(*)[0m
  [1m[35m (0.8ms)[0m  [1m[34mSELECT "schema_migrations"."version" FROM "schema_migrations" ORDER BY "schema_migrations"."version" ASC[0m
  [1m[35m (0.1ms)[0m  [1m[34mSELECT sqlite_version(*)[0m
  [1m[35m (2.2ms)[0m  [1m[34mSELECT sqlite_version(*)[0m
  [1m[35m (3.1ms)[0m  [1m[35mCREATE TABLE "schema_migrations" ("version" varchar NOT NULL PRIMARY KEY)[0m
  [1m[35m (1.6ms)[0m  [1m[35mCREATE TABLE "ar_internal_metadata" ("key" varchar NOT NULL PRIMARY KEY, "value" varchar, "created_at" datetime(6) NOT NULL, "updated_at" datetime(6) NOT NULL)[0m
  [1m[36mActiveRecord::InternalMetadata Load (0.4ms)[0m  [1m[34mSELECT "ar_internal_metadata".* FROM "ar_internal_metadata" WHERE "ar_internal_metadata"."key" = ? LIMIT ?[0m  [["key", "environment"], ["LIMIT", 1]]
  [1m[36mTRANSACTION (0.1ms)[0m  [1m[36mbegin transaction[0m
  [1m[36mActiveRecord::InternalMetadata Create (1.0ms)[0m  [1m[32mINSERT INTO "ar_internal_metadata" ("key", "value", "created_at", "updated_at") VALUES (?, ?, ?, ?)[0m  [["key", "environment"], ["value", "development"], ["created_at", "2022-09-18 07:40:41.094790"], ["updated_at", "2022-09-18 07:40:41.094790"]]
  [1m[36mTRANSACTION (1.3ms)[0m  [1m[36mcommit transaction[0m
  [1m[35m (0.1ms)[0m  [1m[34mSELECT sqlite_version(*)[0m
  [1m[35m (0.2ms)[0m  [1m[34mSELECT "schema_migrations"."version" FROM "schema_migrations" ORDER BY "schema_migrations"."version" ASC[0m
  [1m[35m (1.5ms)[0m  [1m[34mSELECT sqlite_version(*)[0m
  [1m[35m (1.6ms)[0m  [1m[35mCREATE TABLE "schema_migrations" ("version" varchar NOT NULL PRIMARY KEY)[0m
  [1m[35m (1.5ms)[0m  [1m[35mCREATE TABLE "ar_internal_metadata" ("key" varchar NOT NULL PRIMARY KEY, "value" varchar, "created_at" datetime(6) NOT NULL, "updated_at" datetime(6) NOT NULL)[0m
  [1m[36mActiveRecord::InternalMetadata Load (0.3ms)[0m  [1m[34mSELECT "ar_internal_metadata".* FROM "ar_internal_metadata" WHERE "ar_internal_metadata"."key" = ? LIMIT ?[0m  [["key", "environment"], ["LIMIT", 1]]
  [1m[36mTRANSACTION (0.1ms)[0m  [1m[36mbegin transaction[0m
  [1m[36mActiveRecord::InternalMetadata Create (0.6ms)[0m  [1m[32mINSERT INTO "ar_internal_metadata" ("key", "value", "created_at", "updated_at") VALUES (?, ?, ?, ?)[0m  [["key", "environment"], ["value", "development"], ["created_at", "2022-09-18 08:59:39.405103"], ["updated_at", "2022-09-18 08:59:39.405103"]]
  [1m[36mTRANSACTION (1.7ms)[0m  [1m[36mcommit transaction[0m
  [1m[35m (0.1ms)[0m  [1m[34mSELECT sqlite_version(*)[0m
  [1m[35m (0.2ms)[0m  [1m[34mSELECT "schema_migrations"."version" FROM "schema_migrations" ORDER BY "schema_migrations"."version" ASC[0m
  [1m[35m (0.7ms)[0m  [1m[34mSELECT sqlite_version(*)[0m
  [1m[35m (1.1ms)[0m  [1m[34mSELECT "schema_migrations"."version" FROM "schema_migrations" ORDER BY "schema_migrations"."version" ASC[0m
  [1m[35m (0.1ms)[0m  [1m[34mSELECT sqlite_version(*)[0m
  [1m[35m (1.6ms)[0m  [1m[34mSELECT sqlite_version(*)[0m
  [1m[35m (1.6ms)[0m  [1m[35mCREATE TABLE "schema_migrations" ("version" varchar NOT NULL PRIMARY KEY)[0m
  [1m[35m (1.5ms)[0m  [1m[35mCREATE TABLE "ar_internal_metadata" ("key" varchar NOT NULL PRIMARY KEY, "value" varchar, "created_at" datetime(6) NOT NULL, "updated_at" datetime(6) NOT NULL)[0m
  [1m[35m (0.2ms)[0m  [1m[34mSELECT "schema_migrations"."version" FROM "schema_migrations" ORDER BY "schema_migrations"."version" ASC[0m
Migrating to CreateProjects (1)
  [1m[35m (0.6ms)[0m  [1m[34mSELECT sqlite_version(*)[0m
  [1m[36mProject Load (0.5ms)[0m  [1m[34mSELECT "projects".* FROM "projects" /* loading for inspect */ LIMIT ?[0m  [["LIMIT", 11]]
  [1m[35m (1.1ms)[0m  [1m[34mSELECT sqlite_version(*)[0m
  [1m[35m (1.6ms)[0m  [1m[35mCREATE TABLE "schema_migrations" ("version" varchar NOT NULL PRIMARY KEY)[0m
  [1m[35m (1.3ms)[0m  [1m[35mCREATE TABLE "ar_internal_metadata" ("key" varchar NOT NULL PRIMARY KEY, "value" varchar, "created_at" datetime(6) NOT NULL, "updated_at" datetime(6) NOT NULL)[0m
  [1m[35m (0.2ms)[0m  [1m[34mSELECT "schema_migrations"."version" FROM "schema_migrations" ORDER BY "schema_migrations"."version" ASC[0m
Migrating to CreateProjects (1)
  [1m[35m (0.7ms)[0m  [1m[34mSELECT sqlite_version(*)[0m
  [1m[36mSkill Load (0.5ms)[0m  [1m[34mSELECT "skills".* FROM "skills" /* loading for inspect */ LIMIT ?[0m  [["LIMIT", 11]]
  [1m[36mProject Load (0.7ms)[0m  [1m[34mSELECT "projects".* FROM "projects" /* loading for inspect */ LIMIT ?[0m  [["LIMIT", 11]]
  [1m[35m (1.5ms)[0m  [1m[34mSELECT sqlite_version(*)[0m
  [1m[35m (1.9ms)[0m  [1m[35mCREATE TABLE "schema_migrations" ("version" varchar NOT NULL PRIMARY KEY)[0m
  [1m[35m (1.6ms)[0m  [1m[35mCREATE TABLE "ar_internal_metadata" ("key" varchar NOT NULL PRIMARY KEY, "value" varchar, "created_at" datetime(6) NOT NULL, "updated_at" datetime(6) NOT NULL)[0m
  [1m[35m (0.2ms)[0m  [1m[34mSELECT "schema_migrations"."version" FROM "schema_migrations" ORDER BY "schema_migrations"."version" ASC[0m
Migrating to CreateProjects (20220919075819)
  [1m[36mTRANSACTION (0.1ms)[0m  [1m[36mbegin transaction[0m
  [1m[35m (0.6ms)[0m  [1m[35mCREATE TABLE "projects" ("id" integer PRIMARY KEY AUTOINCREMENT NOT NULL, "title" varchar, "description" text, "created_at" datetime(6) NOT NULL, "updated_at" datetime(6) NOT NULL)[0m
  [1m[36mActiveRecord::SchemaMigration Create (1.1ms)[0m  [1m[32mINSERT INTO "schema_migrations" ("version") VALUES (?)[0m  [["version", "20220919075819"]]
  [1m[36mTRANSACTION (1.1ms)[0m  [1m[36mcommit transaction[0m
Migrating to CreateSkills (20220919080016)
  [1m[36mTRANSACTION (0.1ms)[0m  [1m[36mbegin transaction[0m
  [1m[35m (0.5ms)[0m  [1m[35mCREATE TABLE "skills" ("id" integer PRIMARY KEY AUTOINCREMENT NOT NULL, "name" varchar, "created_at" datetime(6) NOT NULL, "updated_at" datetime(6) NOT NULL)[0m
  [1m[36mActiveRecord::SchemaMigration Create (0.3ms)[0m  [1m[32mINSERT INTO "schema_migrations" ("version") VALUES (?)[0m  [["version", "20220919080016"]]
  [1m[36mTRANSACTION (1.1ms)[0m  [1m[36mcommit transaction[0m
  [1m[36mActiveRecord::InternalMetadata Load (0.2ms)[0m  [1m[34mSELECT "ar_internal_metadata".* FROM "ar_internal_metadata" WHERE "ar_internal_metadata"."key" = ? LIMIT ?[0m  [["key", "environment"], ["LIMIT", 1]]
  [1m[36mTRANSACTION (0.1ms)[0m  [1m[36mbegin transaction[0m
  [1m[36mActiveRecord::InternalMetadata Create (0.5ms)[0m  [1m[32mINSERT INTO "ar_internal_metadata" ("key", "value", "created_at", "updated_at") VALUES (?, ?, ?, ?)[0m  [["key", "environment"], ["value", "development"], ["created_at", "2022-09-19 09:31:59.214074"], ["updated_at", "2022-09-19 09:31:59.214074"]]
  [1m[36mTRANSACTION (1.0ms)[0m  [1m[36mcommit transaction[0m
  [1m[35m (0.1ms)[0m  [1m[34mSELECT sqlite_version(*)[0m
  [1m[35m (0.2ms)[0m  [1m[34mSELECT "schema_migrations"."version" FROM "schema_migrations" ORDER BY "schema_migrations"."version" ASC[0m
  [1m[35m (0.6ms)[0m  [1m[34mSELECT sqlite_version(*)[0m
  [1m[36mProject Load (0.2ms)[0m  [1m[34mSELECT "projects".* FROM "projects" /* loading for inspect */ LIMIT ?[0m  [["LIMIT", 11]]
  [1m[36mSkill Load (0.2ms)[0m  [1m[34mSELECT "skills".* FROM "skills" /* loading for inspect */ LIMIT ?[0m  [["LIMIT", 11]]
  [1m[35m (2.2ms)[0m  [1m[34mSELECT sqlite_version(*)[0m
  [1m[35m (3.3ms)[0m  [1m[35mCREATE TABLE "schema_migrations" ("version" varchar NOT NULL PRIMARY KEY)[0m
  [1m[35m (1.5ms)[0m  [1m[35mCREATE TABLE "ar_internal_metadata" ("key" varchar NOT NULL PRIMARY KEY, "value" varchar, "created_at" datetime(6) NOT NULL, "updated_at" datetime(6) NOT NULL)[0m
  [1m[36mActiveRecord::InternalMetadata Load (0.3ms)[0m  [1m[34mSELECT "ar_internal_metadata".* FROM "ar_internal_metadata" WHERE "ar_internal_metadata"."key" = ? LIMIT ?[0m  [["key", "environment"], ["LIMIT", 1]]
  [1m[36mTRANSACTION (0.1ms)[0m  [1m[36mbegin transaction[0m
  [1m[36mActiveRecord::InternalMetadata Create (0.6ms)[0m  [1m[32mINSERT INTO "ar_internal_metadata" ("key", "value", "created_at", "updated_at") VALUES (?, ?, ?, ?)[0m  [["key", "environment"], ["value", "development"], ["created_at", "2022-09-19 20:59:23.363671"], ["updated_at", "2022-09-19 20:59:23.363671"]]
  [1m[36mTRANSACTION (1.1ms)[0m  [1m[36mcommit transaction[0m
  [1m[35m (0.1ms)[0m  [1m[34mSELECT sqlite_version(*)[0m
  [1m[35m (0.2ms)[0m  [1m[34mSELECT "schema_migrations"."version" FROM "schema_migrations" ORDER BY "schema_migrations"."version" ASC[0m
  [1m[35m (0.7ms)[0m  [1m[34mSELECT sqlite_version(*)[0m
  [1m[35m (9.0ms)[0m  [1m[35mCREATE TABLE "schema_migrations" ("version" varchar NOT NULL PRIMARY KEY)[0m
  [1m[35m (1.9ms)[0m  [1m[35mCREATE TABLE "ar_internal_metadata" ("key" varchar NOT NULL PRIMARY KEY, "value" varchar, "created_at" datetime(6) NOT NULL, "updated_at" datetime(6) NOT NULL)[0m
  [1m[35m (0.2ms)[0m  [1m[34mSELECT "schema_migrations"."version" FROM "schema_migrations" ORDER BY "schema_migrations"."version" ASC[0m
Migrating to CreateSkills (20220919210855)
  [1m[36mTRANSACTION (0.1ms)[0m  [1m[36mbegin transaction[0m
  [1m[35m (0.9ms)[0m  [1m[35mCREATE TABLE "skills" ("id" integer PRIMARY KEY AUTOINCREMENT NOT NULL, "name" varchar, "created_at" datetime(6) NOT NULL, "updated_at" datetime(6) NOT NULL)[0m
  [1m[36mActiveRecord::SchemaMigration Create (0.6ms)[0m  [1m[32mINSERT INTO "schema_migrations" ("version") VALUES (?)[0m  [["version", "20220919210855"]]
  [1m[36mTRANSACTION (1.6ms)[0m  [1m[36mcommit transaction[0m
Migrating to CreateSections (20220919210906)
  [1m[36mTRANSACTION (0.1ms)[0m  [1m[36mbegin transaction[0m
  [1m[35m (0.7ms)[0m  [1m[35mCREATE TABLE "sections" ("id" integer PRIMARY KEY AUTOINCREMENT NOT NULL, "title" varchar, "description" text, "skill_id" integer NOT NULL, "created_at" datetime(6) NOT NULL, "updated_at" datetime(6) NOT NULL, CONSTRAINT "fk_rails_23f662933b"
FOREIGN KEY ("skill_id")
  REFERENCES "skills" ("id")
)[0m
  [1m[35m (0.2ms)[0m  [1m[35mCREATE INDEX "index_sections_on_skill_id" ON "sections" ("skill_id")[0m
  [1m[36mActiveRecord::SchemaMigration Create (0.3ms)[0m  [1m[32mINSERT INTO "schema_migrations" ("version") VALUES (?)[0m  [["version", "20220919210906"]]
  [1m[36mTRANSACTION (1.1ms)[0m  [1m[36mcommit transaction[0m
  [1m[36mActiveRecord::InternalMetadata Load (0.2ms)[0m  [1m[34mSELECT "ar_internal_metadata".* FROM "ar_internal_metadata" WHERE "ar_internal_metadata"."key" = ? LIMIT ?[0m  [["key", "environment"], ["LIMIT", 1]]
  [1m[36mTRANSACTION (0.1ms)[0m  [1m[36mbegin transaction[0m
  [1m[36mActiveRecord::InternalMetadata Create (0.6ms)[0m  [1m[32mINSERT INTO "ar_internal_metadata" ("key", "value", "created_at", "updated_at") VALUES (?, ?, ?, ?)[0m  [["key", "environment"], ["value", "development"], ["created_at", "2022-09-19 21:09:38.871865"], ["updated_at", "2022-09-19 21:09:38.871865"]]
  [1m[36mTRANSACTION (1.0ms)[0m  [1m[36mcommit transaction[0m
  [1m[35m (0.1ms)[0m  [1m[34mSELECT sqlite_version(*)[0m
  [1m[35m (0.2ms)[0m  [1m[34mSELECT "schema_migrations"."version" FROM "schema_migrations" ORDER BY "schema_migrations"."version" ASC[0m
  [1m[35m (0.7ms)[0m  [1m[34mSELECT sqlite_version(*)[0m
  [1m[36mSkill Load (0.3ms)[0m  [1m[34mSELECT "skills".* FROM "skills" /* loading for inspect */ LIMIT ?[0m  [["LIMIT", 11]]
  [1m[36mProject Load (1.5ms)[0m  [1m[34mSELECT "projects".* FROM "projects" /* loading for inspect */ LIMIT ?[0m  [["LIMIT", 11]]
  [1m[35m (0.7ms)[0m  [1m[34mSELECT sqlite_version(*)[0m
  [1m[35m (1.6ms)[0m  [1m[35mCREATE TABLE "schema_migrations" ("version" varchar NOT NULL PRIMARY KEY)[0m
  [1m[35m (1.5ms)[0m  [1m[35mCREATE TABLE "ar_internal_metadata" ("key" varchar NOT NULL PRIMARY KEY, "value" varchar, "created_at" datetime(6) NOT NULL, "updated_at" datetime(6) NOT NULL)[0m
  [1m[35m (0.3ms)[0m  [1m[34mSELECT "schema_migrations"."version" FROM "schema_migrations" ORDER BY "schema_migrations"."version" ASC[0m
Migrating to CreateSkills (20220919213242)
  [1m[36mTRANSACTION (0.1ms)[0m  [1m[36mbegin transaction[0m
  [1m[35m (0.7ms)[0m  [1m[35mCREATE TABLE "skills" ("id" integer PRIMARY KEY AUTOINCREMENT NOT NULL, "name" varchar, "created_at" datetime(6) NOT NULL, "updated_at" datetime(6) NOT NULL)[0m
  [1m[36mActiveRecord::SchemaMigration Create (0.3ms)[0m  [1m[32mINSERT INTO "schema_migrations" ("version") VALUES (?)[0m  [["version", "20220919213242"]]
  [1m[36mTRANSACTION (1.0ms)[0m  [1m[36mcommit transaction[0m
Migrating to CreateProjects (20220919213249)
  [1m[36mTRANSACTION (0.1ms)[0m  [1m[36mbegin transaction[0m
  [1m[35m (0.6ms)[0m  [1m[35mCREATE TABLE "projects" ("id" integer PRIMARY KEY AUTOINCREMENT NOT NULL, "title" varchar, "description" text, "skill_id" integer NOT NULL, "created_at" datetime(6) NOT NULL, "updated_at" datetime(6) NOT NULL, CONSTRAINT "fk_rails_4f9d71e693"
FOREIGN KEY ("skill_id")
  REFERENCES "skills" ("id")
)[0m
  [1m[35m (0.2ms)[0m  [1m[35mCREATE INDEX "index_projects_on_skill_id" ON "projects" ("skill_id")[0m
  [1m[36mActiveRecord::SchemaMigration Create (0.3ms)[0m  [1m[32mINSERT INTO "schema_migrations" ("version") VALUES (?)[0m  [["version", "20220919213249"]]
  [1m[36mTRANSACTION (1.1ms)[0m  [1m[36mcommit transaction[0m
  [1m[36mActiveRecord::InternalMetadata Load (0.2ms)[0m  [1m[34mSELECT "ar_internal_metadata".* FROM "ar_internal_metadata" WHERE "ar_internal_metadata"."key" = ? LIMIT ?[0m  [["key", "environment"], ["LIMIT", 1]]
  [1m[36mTRANSACTION (0.1ms)[0m  [1m[36mbegin transaction[0m
  [1m[36mActiveRecord::InternalMetadata Create (0.5ms)[0m  [1m[32mINSERT INTO "ar_internal_metadata" ("key", "value", "created_at", "updated_at") VALUES (?, ?, ?, ?)[0m  [["key", "environment"], ["value", "development"], ["created_at", "2022-09-19 21:32:56.934759"], ["updated_at", "2022-09-19 21:32:56.934759"]]
  [1m[36mTRANSACTION (1.1ms)[0m  [1m[36mcommit transaction[0m
  [1m[35m (0.1ms)[0m  [1m[34mSELECT sqlite_version(*)[0m
  [1m[35m (0.1ms)[0m  [1m[34mSELECT "schema_migrations"."version" FROM "schema_migrations" ORDER BY "schema_migrations"."version" ASC[0m
  [1m[35m (0.7ms)[0m  [1m[34mSELECT sqlite_version(*)[0m
  [1m[35m (0.2ms)[0m  [1m[34mSELECT "schema_migrations"."version" FROM "schema_migrations" ORDER BY "schema_migrations"."version" ASC[0m
  [1m[35m (0.1ms)[0m  [1m[34mSELECT sqlite_version(*)[0m
  [1m[36mTRANSACTION (0.1ms)[0m  [1m[36mbegin transaction[0m
  [1m[36mSkill Create (1.3ms)[0m  [1m[32mINSERT INTO "skills" ("name", "created_at", "updated_at") VALUES (?, ?, ?)[0m  [["name", "JavaScript"], ["created_at", "2022-09-19 21:33:07.975660"], ["updated_at", "2022-09-19 21:33:07.975660"]]
  [1m[36mTRANSACTION (1.0ms)[0m  [1m[36mcommit transaction[0m
  [1m[36mTRANSACTION (0.1ms)[0m  [1m[36mbegin transaction[0m
  [1m[36mProject Create (0.7ms)[0m  [1m[32mINSERT INTO "projects" ("title", "skill_id", "created_at", "updated_at") VALUES (?, ?, ?, ?)[0m  [["title", "Mini Tracker"], ["skill_id", 1], ["created_at", "2022-09-19 21:33:08.019117"], ["updated_at", "2022-09-19 21:33:08.019117"]]
  [1m[36mTRANSACTION (1.1ms)[0m  [1m[36mcommit transaction[0m
  [1m[35m (0.6ms)[0m  [1m[34mSELECT sqlite_version(*)[0m
  [1m[36mSkill Load (0.2ms)[0m  [1m[34mSELECT "skills".* FROM "skills" /* loading for inspect */ LIMIT ?[0m  [["LIMIT", 11]]
  [1m[36mProject Load (0.3ms)[0m  [1m[34mSELECT "projects".* FROM "projects" /* loading for inspect */ LIMIT ?[0m  [["LIMIT", 11]]
  [1m[35m (1.5ms)[0m  [1m[34mSELECT sqlite_version(*)[0m
  [1m[35m (12.4ms)[0m  [1m[35mCREATE TABLE "schema_migrations" ("version" varchar NOT NULL PRIMARY KEY)[0m
  [1m[35m (1.6ms)[0m  [1m[35mCREATE TABLE "ar_internal_metadata" ("key" varchar NOT NULL PRIMARY KEY, "value" varchar, "created_at" datetime(6) NOT NULL, "updated_at" datetime(6) NOT NULL)[0m
  [1m[35m (0.4ms)[0m  [1m[34mSELECT "schema_migrations"."version" FROM "schema_migrations" ORDER BY "schema_migrations"."version" ASC[0m
Migrating to CreateSkills (20220920102231)
  [1m[36mTRANSACTION (0.3ms)[0m  [1m[36mbegin transaction[0m
  [1m[35m (0.8ms)[0m  [1m[35mCREATE TABLE "skills" ("id" integer PRIMARY KEY AUTOINCREMENT NOT NULL, "name" varchar, "created_at" datetime(6) NOT NULL, "updated_at" datetime(6) NOT NULL)[0m
  [1m[36mActiveRecord::SchemaMigration Create (0.3ms)[0m  [1m[32mINSERT INTO "schema_migrations" ("version") VALUES (?)[0m  [["version", "20220920102231"]]
  [1m[36mTRANSACTION (1.2ms)[0m  [1m[36mcommit transaction[0m
Migrating to CreateProjects (20220920102244)
  [1m[36mTRANSACTION (0.1ms)[0m  [1m[36mbegin transaction[0m
  [1m[35m (0.7ms)[0m  [1m[35mCREATE TABLE "projects" ("id" integer PRIMARY KEY AUTOINCREMENT NOT NULL, "title" varchar, "description" text, "created_at" datetime(6) NOT NULL, "updated_at" datetime(6) NOT NULL)[0m
  [1m[36mActiveRecord::SchemaMigration Create (1.6ms)[0m  [1m[32mINSERT INTO "schema_migrations" ("version") VALUES (?)[0m  [["version", "20220920102244"]]
  [1m[36mTRANSACTION (1.2ms)[0m  [1m[36mcommit transaction[0m
Migrating to AddForeignKeysToProjects (20220920102304)
  [1m[36mTRANSACTION (0.1ms)[0m  [1m[36mbegin transaction[0m
  [1m[35m (2.6ms)[0m  [1m[35mALTER TABLE "projects" ADD "skill_id" integer[0m
  [1m[36mActiveRecord::SchemaMigration Create (0.3ms)[0m  [1m[32mINSERT INTO "schema_migrations" ("version") VALUES (?)[0m  [["version", "20220920102304"]]
  [1m[36mTRANSACTION (0.9ms)[0m  [1m[36mcommit transaction[0m
  [1m[36mActiveRecord::InternalMetadata Load (0.8ms)[0m  [1m[34mSELECT "ar_internal_metadata".* FROM "ar_internal_metadata" WHERE "ar_internal_metadata"."key" = ? LIMIT ?[0m  [["key", "environment"], ["LIMIT", 1]]
  [1m[36mTRANSACTION (0.1ms)[0m  [1m[36mbegin transaction[0m
  [1m[36mActiveRecord::InternalMetadata Create (1.0ms)[0m  [1m[32mINSERT INTO "ar_internal_metadata" ("key", "value", "created_at", "updated_at") VALUES (?, ?, ?, ?)[0m  [["key", "environment"], ["value", "development"], ["created_at", "2022-09-20 10:23:23.922831"], ["updated_at", "2022-09-20 10:23:23.922831"]]
  [1m[36mTRANSACTION (1.1ms)[0m  [1m[36mcommit transaction[0m
  [1m[35m (0.1ms)[0m  [1m[34mSELECT sqlite_version(*)[0m
  [1m[35m (0.2ms)[0m  [1m[34mSELECT "schema_migrations"."version" FROM "schema_migrations" ORDER BY "schema_migrations"."version" ASC[0m
  [1m[35m (0.7ms)[0m  [1m[34mSELECT sqlite_version(*)[0m
  [1m[35m (0.3ms)[0m  [1m[34mSELECT "schema_migrations"."version" FROM "schema_migrations" ORDER BY "schema_migrations"."version" ASC[0m
  [1m[35m (0.1ms)[0m  [1m[34mSELECT sqlite_version(*)[0m
  [1m[36mTRANSACTION (0.1ms)[0m  [1m[36mbegin transaction[0m
  [1m[36mSkill Create (1.0ms)[0m  [1m[32mINSERT INTO "skills" ("name", "created_at", "updated_at") VALUES (?, ?, ?)[0m  [["name", "JavaScript"], ["created_at", "2022-09-20 10:23:34.139689"], ["updated_at", "2022-09-20 10:23:34.139689"]]
  [1m[36mTRANSACTION (1.0ms)[0m  [1m[36mcommit transaction[0m
  [1m[36mTRANSACTION (0.1ms)[0m  [1m[36mbegin transaction[0m
  [1m[36mProject Create (0.8ms)[0m  [1m[32mINSERT INTO "projects" ("title", "created_at", "updated_at", "skill_id") VALUES (?, ?, ?, ?)[0m  [["title", "Mini Tracker"], ["created_at", "2022-09-20 10:23:34.223559"], ["updated_at", "2022-09-20 10:23:34.223559"], ["skill_id", 1]]
  [1m[36mTRANSACTION (1.3ms)[0m  [1m[36mcommit transaction[0m
  [1m[35m (0.7ms)[0m  [1m[34mSELECT sqlite_version(*)[0m
  [1m[36mProject Load (0.3ms)[0m  [1m[34mSELECT "projects".* FROM "projects" /* loading for inspect */ LIMIT ?[0m  [["LIMIT", 11]]
  [1m[35m (18.0ms)[0m  [1m[34mSELECT sqlite_version(*)[0m
  [1m[35m (0.3ms)[0m  [1m[34mSELECT "schema_migrations"."version" FROM "schema_migrations" ORDER BY "schema_migrations"."version" ASC[0m
  [1m[36mActiveRecord::InternalMetadata Load (0.3ms)[0m  [1m[34mSELECT "ar_internal_metadata".* FROM "ar_internal_metadata" WHERE "ar_internal_metadata"."key" = ? LIMIT ?[0m  [["key", "environment"], ["LIMIT", 1]]
  [1m[35m (0.1ms)[0m  [1m[34mSELECT sqlite_version(*)[0m
  [1m[35m (0.2ms)[0m  [1m[34mSELECT "schema_migrations"."version" FROM "schema_migrations" ORDER BY "schema_migrations"."version" ASC[0m
  [1m[35m (1.7ms)[0m  [1m[34mSELECT sqlite_version(*)[0m
  [1m[35m (2.0ms)[0m  [1m[35mCREATE TABLE "schema_migrations" ("version" varchar NOT NULL PRIMARY KEY)[0m
  [1m[35m (1.5ms)[0m  [1m[35mCREATE TABLE "ar_internal_metadata" ("key" varchar NOT NULL PRIMARY KEY, "value" varchar, "created_at" datetime(6) NOT NULL, "updated_at" datetime(6) NOT NULL)[0m
  [1m[35m (0.2ms)[0m  [1m[34mSELECT "schema_migrations"."version" FROM "schema_migrations" ORDER BY "schema_migrations"."version" ASC[0m
Migrating to CreateSkills (20220920102634)
  [1m[36mTRANSACTION (0.1ms)[0m  [1m[36mbegin transaction[0m
  [1m[35m (0.9ms)[0m  [1m[35mCREATE TABLE "skills" ("id" integer PRIMARY KEY AUTOINCREMENT NOT NULL, "name" varchar, "created_at" datetime(6) NOT NULL, "updated_at" datetime(6) NOT NULL)[0m
  [1m[36mActiveRecord::SchemaMigration Create (2.7ms)[0m  [1m[32mINSERT INTO "schema_migrations" ("version") VALUES (?)[0m  [["version", "20220920102634"]]
  [1m[36mTRANSACTION (1.5ms)[0m  [1m[36mcommit transaction[0m
Migrating to CreateProjects (20220920102642)
  [1m[36mTRANSACTION (0.1ms)[0m  [1m[36mbegin transaction[0m
  [1m[35m (2.7ms)[0m  [1m[35mCREATE TABLE "projects" ("id" integer PRIMARY KEY AUTOINCREMENT NOT NULL, "title" varchar, "description" text, "created_at" datetime(6) NOT NULL, "updated_at" datetime(6) NOT NULL)[0m
  [1m[36mActiveRecord::SchemaMigration Create (0.3ms)[0m  [1m[32mINSERT INTO "schema_migrations" ("version") VALUES (?)[0m  [["version", "20220920102642"]]
  [1m[36mTRANSACTION (2.0ms)[0m  [1m[36mcommit transaction[0m
Migrating to AddForeignKeysToProjects (20220920102649)
  [1m[36mTRANSACTION (0.1ms)[0m  [1m[36mbegin transaction[0m
  [1m[35m (1.0ms)[0m  [1m[35mALTER TABLE "projects" ADD "skill_id" integer[0m
  [1m[36mActiveRecord::SchemaMigration Create (0.8ms)[0m  [1m[32mINSERT INTO "schema_migrations" ("version") VALUES (?)[0m  [["version", "20220920102649"]]
  [1m[36mTRANSACTION (1.2ms)[0m  [1m[36mcommit transaction[0m
  [1m[36mActiveRecord::InternalMetadata Load (0.3ms)[0m  [1m[34mSELECT "ar_internal_metadata".* FROM "ar_internal_metadata" WHERE "ar_internal_metadata"."key" = ? LIMIT ?[0m  [["key", "environment"], ["LIMIT", 1]]
  [1m[36mTRANSACTION (0.1ms)[0m  [1m[36mbegin transaction[0m
  [1m[36mActiveRecord::InternalMetadata Create (0.9ms)[0m  [1m[32mINSERT INTO "ar_internal_metadata" ("key", "value", "created_at", "updated_at") VALUES (?, ?, ?, ?)[0m  [["key", "environment"], ["value", "development"], ["created_at", "2022-09-20 10:26:58.162318"], ["updated_at", "2022-09-20 10:26:58.162318"]]
  [1m[36mTRANSACTION (1.1ms)[0m  [1m[36mcommit transaction[0m
  [1m[35m (0.1ms)[0m  [1m[34mSELECT sqlite_version(*)[0m
  [1m[35m (0.2ms)[0m  [1m[34mSELECT "schema_migrations"."version" FROM "schema_migrations" ORDER BY "schema_migrations"."version" ASC[0m
  [1m[35m (0.8ms)[0m  [1m[34mSELECT sqlite_version(*)[0m
  [1m[35m (0.3ms)[0m  [1m[34mSELECT "schema_migrations"."version" FROM "schema_migrations" ORDER BY "schema_migrations"."version" ASC[0m
  [1m[35m (0.1ms)[0m  [1m[34mSELECT sqlite_version(*)[0m
  [1m[36mTRANSACTION (0.1ms)[0m  [1m[36mbegin transaction[0m
  [1m[36mSkill Create (1.5ms)[0m  [1m[32mINSERT INTO "skills" ("name", "created_at", "updated_at") VALUES (?, ?, ?)[0m  [["name", "JavaScript"], ["created_at", "2022-09-20 10:27:06.028259"], ["updated_at", "2022-09-20 10:27:06.028259"]]
  [1m[36mTRANSACTION (11.9ms)[0m  [1m[36mcommit transaction[0m
  [1m[36mTRANSACTION (0.1ms)[0m  [1m[36mbegin transaction[0m
  [1m[36mProject Create (0.8ms)[0m  [1m[32mINSERT INTO "projects" ("title", "created_at", "updated_at", "skill_id") VALUES (?, ?, ?, ?)[0m  [["title", "Mini Tracker"], ["created_at", "2022-09-20 10:27:06.110304"], ["updated_at", "2022-09-20 10:27:06.110304"], ["skill_id", 1]]
  [1m[36mTRANSACTION (1.1ms)[0m  [1m[36mcommit transaction[0m
  [1m[36mTRANSACTION (0.1ms)[0m  [1m[36mbegin transaction[0m
  [1m[36mSkill Create (0.6ms)[0m  [1m[32mINSERT INTO "skills" ("name", "created_at", "updated_at") VALUES (?, ?, ?)[0m  [["name", "HTML-CSS"], ["created_at", "2022-09-20 10:27:06.117335"], ["updated_at", "2022-09-20 10:27:06.117335"]]
  [1m[36mTRANSACTION (1.3ms)[0m  [1m[36mcommit transaction[0m
  [1m[35m (0.8ms)[0m  [1m[34mSELECT sqlite_version(*)[0m
  [1m[36mProject Load (0.3ms)[0m  [1m[34mSELECT "projects".* FROM "projects" /* loading for inspect */ LIMIT ?[0m  [["LIMIT", 11]]
  [1m[36mSkill Load (0.3ms)[0m  [1m[34mSELECT "skills".* FROM "skills" /* loading for inspect */ LIMIT ?[0m  [["LIMIT", 11]]
Started GET "/projects/1" for 127.0.0.1 at 2022-09-20 20:29:03 +1000
  [1m[35m (2.9ms)[0m  [1m[34mSELECT sqlite_version(*)[0m
  [1m[35m (0.5ms)[0m  [1m[34mSELECT "schema_migrations"."version" FROM "schema_migrations" ORDER BY "schema_migrations"."version" ASC[0m
  
Zeitwerk::NameError (expected file /Users/mac/Development/code/portfolio-maker-phase4/app/controllers/projects_controller.rb to define constant ProjectsController, but didn't):
  
zeitwerk (2.6.0) lib/zeitwerk/loader/callbacks.rb:25:in `on_file_autoloaded'
zeitwerk (2.6.0) lib/zeitwerk/kernel.rb:28:in `require'
activesupport (6.1.7) lib/active_support/inflector/methods.rb:274:in `const_get'
activesupport (6.1.7) lib/active_support/inflector/methods.rb:274:in `constantize'
activesupport (6.1.7) lib/active_support/dependencies/zeitwerk_integration.rb:19:in `constantize'
actionpack (6.1.7) lib/action_dispatch/http/request.rb:93:in `controller_class_for'
actionpack (6.1.7) lib/action_dispatch/request/utils.rb:95:in `action_encoding_template'
actionpack (6.1.7) lib/action_dispatch/request/utils.rb:83:in `encode'
actionpack (6.1.7) lib/action_dispatch/request/utils.rb:45:in `set_binary_encoding'
actionpack (6.1.7) lib/action_dispatch/http/parameters.rb:68:in `path_parameters='
actionpack (6.1.7) lib/action_dispatch/journey/router.rb:48:in `block in serve'
actionpack (6.1.7) lib/action_dispatch/journey/router.rb:32:in `each'
actionpack (6.1.7) lib/action_dispatch/journey/router.rb:32:in `serve'
actionpack (6.1.7) lib/action_dispatch/routing/route_set.rb:842:in `call'
rack (2.2.4) lib/rack/tempfile_reaper.rb:15:in `call'
rack (2.2.4) lib/rack/etag.rb:27:in `call'
rack (2.2.4) lib/rack/conditional_get.rb:27:in `call'
rack (2.2.4) lib/rack/head.rb:12:in `call'
actionpack (6.1.7) lib/action_dispatch/http/permissions_policy.rb:22:in `call'
actionpack (6.1.7) lib/action_dispatch/http/content_security_policy.rb:19:in `call'
rack (2.2.4) lib/rack/session/abstract/id.rb:266:in `context'
rack (2.2.4) lib/rack/session/abstract/id.rb:260:in `call'
actionpack (6.1.7) lib/action_dispatch/middleware/cookies.rb:689:in `call'
activerecord (6.1.7) lib/active_record/migration.rb:601:in `call'
actionpack (6.1.7) lib/action_dispatch/middleware/callbacks.rb:27:in `block in call'
activesupport (6.1.7) lib/active_support/callbacks.rb:98:in `run_callbacks'
actionpack (6.1.7) lib/action_dispatch/middleware/callbacks.rb:26:in `call'
actionpack (6.1.7) lib/action_dispatch/middleware/executor.rb:14:in `call'
actionpack (6.1.7) lib/action_dispatch/middleware/actionable_exceptions.rb:18:in `call'
actionpack (6.1.7) lib/action_dispatch/middleware/debug_exceptions.rb:29:in `call'
web-console (4.2.0) lib/web_console/middleware.rb:132:in `call_app'
web-console (4.2.0) lib/web_console/middleware.rb:28:in `block in call'
web-console (4.2.0) lib/web_console/middleware.rb:17:in `catch'
web-console (4.2.0) lib/web_console/middleware.rb:17:in `call'
actionpack (6.1.7) lib/action_dispatch/middleware/show_exceptions.rb:33:in `call'
railties (6.1.7) lib/rails/rack/logger.rb:37:in `call_app'
railties (6.1.7) lib/rails/rack/logger.rb:26:in `block in call'
activesupport (6.1.7) lib/active_support/tagged_logging.rb:99:in `block in tagged'
activesupport (6.1.7) lib/active_support/tagged_logging.rb:37:in `tagged'
activesupport (6.1.7) lib/active_support/tagged_logging.rb:99:in `tagged'
railties (6.1.7) lib/rails/rack/logger.rb:26:in `call'
sprockets-rails (3.4.2) lib/sprockets/rails/quiet_assets.rb:13:in `call'
actionpack (6.1.7) lib/action_dispatch/middleware/remote_ip.rb:81:in `call'
actionpack (6.1.7) lib/action_dispatch/middleware/request_id.rb:26:in `call'
rack (2.2.4) lib/rack/method_override.rb:24:in `call'
rack (2.2.4) lib/rack/runtime.rb:22:in `call'
activesupport (6.1.7) lib/active_support/cache/strategy/local_cache_middleware.rb:29:in `call'
actionpack (6.1.7) lib/action_dispatch/middleware/executor.rb:14:in `call'
actionpack (6.1.7) lib/action_dispatch/middleware/static.rb:24:in `call'
rack (2.2.4) lib/rack/sendfile.rb:110:in `call'
actionpack (6.1.7) lib/action_dispatch/middleware/host_authorization.rb:148:in `call'
rack-mini-profiler (2.3.4) lib/mini_profiler/profiler.rb:393:in `call'
webpacker (5.4.3) lib/webpacker/dev_server_proxy.rb:25:in `perform_request'
rack-proxy (0.7.4) lib/rack/proxy.rb:78:in `call'
railties (6.1.7) lib/rails/engine.rb:539:in `call'
puma (5.6.5) lib/puma/configuration.rb:252:in `call'
puma (5.6.5) lib/puma/request.rb:77:in `block in handle_request'
puma (5.6.5) lib/puma/thread_pool.rb:340:in `with_force_shutdown'
puma (5.6.5) lib/puma/request.rb:76:in `handle_request'
puma (5.6.5) lib/puma/server.rb:443:in `process_client'
puma (5.6.5) lib/puma/thread_pool.rb:147:in `block in spawn_thread'
Started GET "/projects/1" for 127.0.0.1 at 2022-09-20 20:31:42 +1000
  
TypeError (superclass mismatch for class ProjectController):
  
app/controllers/projects_controller.rb:1:in `<main>'
Started GET "/projects/1" for 127.0.0.1 at 2022-09-20 20:35:00 +1000
Processing by ProjectsController#show as HTML
  Parameters: {"id"=>"1"}
  [1m[35m (0.1ms)[0m  [1m[34mSELECT sqlite_version(*)[0m
  ↳ app/controllers/projects_controller.rb:7:in `show'
  [1m[36mProject Load (0.6ms)[0m  [1m[34mSELECT "projects".* FROM "projects" WHERE "projects"."id" = ? LIMIT ?[0m  [["id", 1], ["LIMIT", 1]]
  ↳ app/controllers/projects_controller.rb:7:in `show'
  Rendering layout layouts/application.html.erb
  Rendering projects/show.html.erb within layouts/application
  [1m[36mSkill Load (0.6ms)[0m  [1m[34mSELECT "skills".* FROM "skills" WHERE "skills"."id" = ? LIMIT ?[0m  [["id", 1], ["LIMIT", 1]]
  ↳ app/views/projects/show.html.erb:3
  Rendered projects/show.html.erb within layouts/application (Duration: 69.9ms | Allocations: 6005)
[Webpacker] Compiling...
[Webpacker] Compilation failed:
node:internal/crypto/hash:67
  this[kHandle] = new _Hash(algorithm, xofLen);
                  ^

Error: error:0308010C:digital envelope routines::unsupported
    at new Hash (node:internal/crypto/hash:67:19)
    at Object.createHash (node:crypto:130:10)
    at module.exports (/Users/mac/Development/code/portfolio-maker-phase4/node_modules/webpack/lib/util/createHash.js:135:53)
    at NormalModule._initBuildHash (/Users/mac/Development/code/portfolio-maker-phase4/node_modules/webpack/lib/NormalModule.js:417:16)
    at handleParseError (/Users/mac/Development/code/portfolio-maker-phase4/node_modules/webpack/lib/NormalModule.js:471:10)
    at /Users/mac/Development/code/portfolio-maker-phase4/node_modules/webpack/lib/NormalModule.js:503:5
    at /Users/mac/Development/code/portfolio-maker-phase4/node_modules/webpack/lib/NormalModule.js:358:12
    at /Users/mac/Development/code/portfolio-maker-phase4/node_modules/loader-runner/lib/LoaderRunner.js:373:3
    at iterateNormalLoaders (/Users/mac/Development/code/portfolio-maker-phase4/node_modules/loader-runner/lib/LoaderRunner.js:214:10)
    at iterateNormalLoaders (/Users/mac/Development/code/portfolio-maker-phase4/node_modules/loader-runner/lib/LoaderRunner.js:221:10)
    at /Users/mac/Development/code/portfolio-maker-phase4/node_modules/loader-runner/lib/LoaderRunner.js:236:3
    at context.callback (/Users/mac/Development/code/portfolio-maker-phase4/node_modules/loader-runner/lib/LoaderRunner.js:111:13)
    at /Users/mac/Development/code/portfolio-maker-phase4/node_modules/babel-loader/lib/index.js:59:71 {
  opensslErrorStack: [ 'error:03000086:digital envelope routines::initialization error' ],
  library: 'digital envelope routines',
  reason: 'unsupported',
  code: 'ERR_OSSL_EVP_UNSUPPORTED'
}

Node.js v17.0.1

  Rendered layout layouts/application.html.erb (Duration: 10823.2ms | Allocations: 21268)
Completed 500 Internal Server Error in 10975ms (ActiveRecord: 3.2ms | Allocations: 30446)


  
ActionView::Template::Error (Webpacker can't find application.js in /Users/mac/Development/code/portfolio-maker-phase4/public/packs/manifest.json. Possible causes:
1. You want to set webpacker.yml value of compile to true for your environment
   unless you are using the `webpack -w` or the webpack-dev-server.
2. webpack has not yet re-run to reflect updates.
3. You have misconfigured Webpacker's config/webpacker.yml file.
4. Your webpack configuration is not creating a manifest.
Your manifest contains:
{
}
):
     7:     <%= csp_meta_tag %>
     8: 
     9:     <%= stylesheet_link_tag 'application', media: 'all', 'data-turbolinks-track': 'reload' %>
    10:     <%= javascript_pack_tag 'application', 'data-turbolinks-track': 'reload' %>
    11:   </head>
    12: 
    13:   <body>
  
app/views/layouts/application.html.erb:10
Started GET "/projects/" for 127.0.0.1 at 2022-09-20 20:38:22 +1000
Processing by ProjectsController#index as HTML
  Rendering layout layouts/application.html.erb
  Rendering projects/index.html.erb within layouts/application
  [1m[36mProject Load (0.4ms)[0m  [1m[34mSELECT "projects".* FROM "projects"[0m
  ↳ app/views/projects/index.html.erb:3
  Rendered projects/index.html.erb within layouts/application (Duration: 6.6ms | Allocations: 913)
[Webpacker] Compiling...
[Webpacker] Compilation failed:
node:internal/crypto/hash:67
  this[kHandle] = new _Hash(algorithm, xofLen);
                  ^

Error: error:0308010C:digital envelope routines::unsupported
    at new Hash (node:internal/crypto/hash:67:19)
    at Object.createHash (node:crypto:130:10)
    at module.exports (/Users/mac/Development/code/portfolio-maker-phase4/node_modules/webpack/lib/util/createHash.js:135:53)
    at NormalModule._initBuildHash (/Users/mac/Development/code/portfolio-maker-phase4/node_modules/webpack/lib/NormalModule.js:417:16)
    at handleParseError (/Users/mac/Development/code/portfolio-maker-phase4/node_modules/webpack/lib/NormalModule.js:471:10)
    at /Users/mac/Development/code/portfolio-maker-phase4/node_modules/webpack/lib/NormalModule.js:503:5
    at /Users/mac/Development/code/portfolio-maker-phase4/node_modules/webpack/lib/NormalModule.js:358:12
    at /Users/mac/Development/code/portfolio-maker-phase4/node_modules/loader-runner/lib/LoaderRunner.js:373:3
    at iterateNormalLoaders (/Users/mac/Development/code/portfolio-maker-phase4/node_modules/loader-runner/lib/LoaderRunner.js:214:10)
    at iterateNormalLoaders (/Users/mac/Development/code/portfolio-maker-phase4/node_modules/loader-runner/lib/LoaderRunner.js:221:10)
    at /Users/mac/Development/code/portfolio-maker-phase4/node_modules/loader-runner/lib/LoaderRunner.js:236:3
    at context.callback (/Users/mac/Development/code/portfolio-maker-phase4/node_modules/loader-runner/lib/LoaderRunner.js:111:13)
    at /Users/mac/Development/code/portfolio-maker-phase4/node_modules/babel-loader/lib/index.js:59:71 {
  opensslErrorStack: [ 'error:03000086:digital envelope routines::initialization error' ],
  library: 'digital envelope routines',
  reason: 'unsupported',
  code: 'ERR_OSSL_EVP_UNSUPPORTED'
}

Node.js v17.0.1

  Rendered layout layouts/application.html.erb (Duration: 9415.8ms | Allocations: 6213)
Completed 500 Internal Server Error in 9421ms (ActiveRecord: 0.4ms | Allocations: 6663)


  
ActionView::Template::Error (Webpacker can't find application.js in /Users/mac/Development/code/portfolio-maker-phase4/public/packs/manifest.json. Possible causes:
1. You want to set webpacker.yml value of compile to true for your environment
   unless you are using the `webpack -w` or the webpack-dev-server.
2. webpack has not yet re-run to reflect updates.
3. You have misconfigured Webpacker's config/webpacker.yml file.
4. Your webpack configuration is not creating a manifest.
Your manifest contains:
{
}
):
     7:     <%= csp_meta_tag %>
     8: 
     9:     <%= stylesheet_link_tag 'application', media: 'all', 'data-turbolinks-track': 'reload' %>
    10:     <%= javascript_pack_tag 'application', 'data-turbolinks-track': 'reload' %>
    11:   </head>
    12: 
    13:   <body>
  
app/views/layouts/application.html.erb:10
Started GET "/projects/" for 127.0.0.1 at 2022-09-21 06:45:45 +1000
  [1m[35m (4.0ms)[0m  [1m[34mSELECT sqlite_version(*)[0m
  [1m[35m (0.6ms)[0m  [1m[34mSELECT "schema_migrations"."version" FROM "schema_migrations" ORDER BY "schema_migrations"."version" ASC[0m
Processing by ProjectsController#index as HTML
  Rendering layout layouts/application.html.erb
  Rendering projects/index.html.erb within layouts/application
  [1m[36mProject Load (0.8ms)[0m  [1m[34mSELECT "projects".* FROM "projects"[0m
  ↳ app/views/projects/index.html.erb:3
  Rendered projects/index.html.erb within layouts/application (Duration: 34.2ms | Allocations: 4590)
[Webpacker] Compiling...
[Webpacker] Compilation failed:
node:internal/crypto/hash:67
  this[kHandle] = new _Hash(algorithm, xofLen);
                  ^

Error: error:0308010C:digital envelope routines::unsupported
    at new Hash (node:internal/crypto/hash:67:19)
    at Object.createHash (node:crypto:130:10)
    at module.exports (/Users/mac/Development/code/portfolio-maker-phase4/node_modules/webpack/lib/util/createHash.js:135:53)
    at NormalModule._initBuildHash (/Users/mac/Development/code/portfolio-maker-phase4/node_modules/webpack/lib/NormalModule.js:417:16)
    at handleParseError (/Users/mac/Development/code/portfolio-maker-phase4/node_modules/webpack/lib/NormalModule.js:471:10)
    at /Users/mac/Development/code/portfolio-maker-phase4/node_modules/webpack/lib/NormalModule.js:503:5
    at /Users/mac/Development/code/portfolio-maker-phase4/node_modules/webpack/lib/NormalModule.js:358:12
    at /Users/mac/Development/code/portfolio-maker-phase4/node_modules/loader-runner/lib/LoaderRunner.js:373:3
    at iterateNormalLoaders (/Users/mac/Development/code/portfolio-maker-phase4/node_modules/loader-runner/lib/LoaderRunner.js:214:10)
    at iterateNormalLoaders (/Users/mac/Development/code/portfolio-maker-phase4/node_modules/loader-runner/lib/LoaderRunner.js:221:10)
    at /Users/mac/Development/code/portfolio-maker-phase4/node_modules/loader-runner/lib/LoaderRunner.js:236:3
    at context.callback (/Users/mac/Development/code/portfolio-maker-phase4/node_modules/loader-runner/lib/LoaderRunner.js:111:13)
    at /Users/mac/Development/code/portfolio-maker-phase4/node_modules/babel-loader/lib/index.js:59:71 {
  opensslErrorStack: [ 'error:03000086:digital envelope routines::initialization error' ],
  library: 'digital envelope routines',
  reason: 'unsupported',
  code: 'ERR_OSSL_EVP_UNSUPPORTED'
}

Node.js v17.0.1

  Rendered layout layouts/application.html.erb (Duration: 7599.6ms | Allocations: 11972)
Completed 500 Internal Server Error in 7645ms (ActiveRecord: 1.8ms | Allocations: 15843)


  
ActionView::Template::Error (Webpacker can't find application.js in /Users/mac/Development/code/portfolio-maker-phase4/public/packs/manifest.json. Possible causes:
1. You want to set webpacker.yml value of compile to true for your environment
   unless you are using the `webpack -w` or the webpack-dev-server.
2. webpack has not yet re-run to reflect updates.
3. You have misconfigured Webpacker's config/webpacker.yml file.
4. Your webpack configuration is not creating a manifest.
Your manifest contains:
{
}
):
     7:     <%= csp_meta_tag %>
     8: 
     9:     <%= stylesheet_link_tag 'application', media: 'all', 'data-turbolinks-track': 'reload' %>
    10:     <%= javascript_pack_tag 'application', 'data-turbolinks-track': 'reload' %>
    11:   </head>
    12: 
    13:   <body>
  
app/views/layouts/application.html.erb:10
Started GET "/projects/" for 127.0.0.1 at 2022-09-21 06:49:28 +1000
  [1m[35m (1.8ms)[0m  [1m[34mSELECT sqlite_version(*)[0m
  [1m[35m (0.2ms)[0m  [1m[34mSELECT "schema_migrations"."version" FROM "schema_migrations" ORDER BY "schema_migrations"."version" ASC[0m
Processing by ProjectsController#index as HTML
  Rendering layout layouts/application.html.erb
  Rendering projects/index.html.erb within layouts/application
  [1m[36mProject Load (3.2ms)[0m  [1m[34mSELECT "projects".* FROM "projects"[0m
  ↳ app/views/projects/index.html.erb:3
  Rendered projects/index.html.erb within layouts/application (Duration: 55.6ms | Allocations: 4590)
[Webpacker] Compiling...
[Webpacker] Compilation failed:
node:internal/crypto/hash:67
  this[kHandle] = new _Hash(algorithm, xofLen);
                  ^

Error: error:0308010C:digital envelope routines::unsupported
    at new Hash (node:internal/crypto/hash:67:19)
    at Object.createHash (node:crypto:130:10)
    at module.exports (/Users/mac/Development/code/portfolio-maker-phase4/node_modules/webpack/lib/util/createHash.js:135:53)
    at NormalModule._initBuildHash (/Users/mac/Development/code/portfolio-maker-phase4/node_modules/webpack/lib/NormalModule.js:417:16)
    at handleParseError (/Users/mac/Development/code/portfolio-maker-phase4/node_modules/webpack/lib/NormalModule.js:471:10)
    at /Users/mac/Development/code/portfolio-maker-phase4/node_modules/webpack/lib/NormalModule.js:503:5
    at /Users/mac/Development/code/portfolio-maker-phase4/node_modules/webpack/lib/NormalModule.js:358:12
    at /Users/mac/Development/code/portfolio-maker-phase4/node_modules/loader-runner/lib/LoaderRunner.js:373:3
    at iterateNormalLoaders (/Users/mac/Development/code/portfolio-maker-phase4/node_modules/loader-runner/lib/LoaderRunner.js:214:10)
    at iterateNormalLoaders (/Users/mac/Development/code/portfolio-maker-phase4/node_modules/loader-runner/lib/LoaderRunner.js:221:10)
    at /Users/mac/Development/code/portfolio-maker-phase4/node_modules/loader-runner/lib/LoaderRunner.js:236:3
    at context.callback (/Users/mac/Development/code/portfolio-maker-phase4/node_modules/loader-runner/lib/LoaderRunner.js:111:13)
    at /Users/mac/Development/code/portfolio-maker-phase4/node_modules/babel-loader/lib/index.js:59:71 {
  opensslErrorStack: [ 'error:03000086:digital envelope routines::initialization error' ],
  library: 'digital envelope routines',
  reason: 'unsupported',
  code: 'ERR_OSSL_EVP_UNSUPPORTED'
}

Node.js v17.0.1

  Rendered layout layouts/application.html.erb (Duration: 5901.2ms | Allocations: 11968)
Completed 500 Internal Server Error in 5976ms (ActiveRecord: 4.0ms | Allocations: 15839)


  
ActionView::Template::Error (Webpacker can't find application.js in /Users/mac/Development/code/portfolio-maker-phase4/public/packs/manifest.json. Possible causes:
1. You want to set webpacker.yml value of compile to true for your environment
   unless you are using the `webpack -w` or the webpack-dev-server.
2. webpack has not yet re-run to reflect updates.
3. You have misconfigured Webpacker's config/webpacker.yml file.
4. Your webpack configuration is not creating a manifest.
Your manifest contains:
{
}
):
     7:     <%= csp_meta_tag %>
     8: 
     9:     <%= stylesheet_link_tag 'application', media: 'all', 'data-turbolinks-track': 'reload' %>
    10:     <%= javascript_pack_tag 'application', 'data-turbolinks-track': 'reload' %>
    11:   </head>
    12: 
    13:   <body>
  
app/views/layouts/application.html.erb:10
Started GET "/" for 127.0.0.1 at 2022-09-21 06:49:45 +1000
Processing by Rails::WelcomeController#index as HTML
  Rendering /Users/mac/.rvm/gems/ruby-2.6.1/gems/railties-6.1.7/lib/rails/templates/rails/welcome/index.html.erb
  Rendered /Users/mac/.rvm/gems/ruby-2.6.1/gems/railties-6.1.7/lib/rails/templates/rails/welcome/index.html.erb (Duration: 18.9ms | Allocations: 233)
Completed 200 OK in 30ms (Views: 21.4ms | ActiveRecord: 0.0ms | Allocations: 1017)


Started GET "/categories/" for 127.0.0.1 at 2022-09-21 06:49:52 +1000
  
ActionController::RoutingError (No route matches [GET] "/categories"):
  
Started GET "/skills" for 127.0.0.1 at 2022-09-21 06:50:01 +1000
Processing by SkillsController#index as HTML
  Rendering layout layouts/application.html.erb
  Rendering skills/index.html.erb within layouts/application
  [1m[36mSkill Load (1.3ms)[0m  [1m[34mSELECT "skills".* FROM "skills"[0m
  ↳ app/views/skills/index.html.erb:3
  Rendered skills/index.html.erb within layouts/application (Duration: 23.0ms | Allocations: 3271)
[Webpacker] Compiling...
[Webpacker] Compilation failed:
node:internal/crypto/hash:67
  this[kHandle] = new _Hash(algorithm, xofLen);
                  ^

Error: error:0308010C:digital envelope routines::unsupported
    at new Hash (node:internal/crypto/hash:67:19)
    at Object.createHash (node:crypto:130:10)
    at module.exports (/Users/mac/Development/code/portfolio-maker-phase4/node_modules/webpack/lib/util/createHash.js:135:53)
    at NormalModule._initBuildHash (/Users/mac/Development/code/portfolio-maker-phase4/node_modules/webpack/lib/NormalModule.js:417:16)
    at handleParseError (/Users/mac/Development/code/portfolio-maker-phase4/node_modules/webpack/lib/NormalModule.js:471:10)
    at /Users/mac/Development/code/portfolio-maker-phase4/node_modules/webpack/lib/NormalModule.js:503:5
    at /Users/mac/Development/code/portfolio-maker-phase4/node_modules/webpack/lib/NormalModule.js:358:12
    at /Users/mac/Development/code/portfolio-maker-phase4/node_modules/loader-runner/lib/LoaderRunner.js:373:3
    at iterateNormalLoaders (/Users/mac/Development/code/portfolio-maker-phase4/node_modules/loader-runner/lib/LoaderRunner.js:214:10)
    at iterateNormalLoaders (/Users/mac/Development/code/portfolio-maker-phase4/node_modules/loader-runner/lib/LoaderRunner.js:221:10)
    at /Users/mac/Development/code/portfolio-maker-phase4/node_modules/loader-runner/lib/LoaderRunner.js:236:3
    at context.callback (/Users/mac/Development/code/portfolio-maker-phase4/node_modules/loader-runner/lib/LoaderRunner.js:111:13)
    at /Users/mac/Development/code/portfolio-maker-phase4/node_modules/babel-loader/lib/index.js:59:71 {
  opensslErrorStack: [ 'error:03000086:digital envelope routines::initialization error' ],
  library: 'digital envelope routines',
  reason: 'unsupported',
  code: 'ERR_OSSL_EVP_UNSUPPORTED'
}

Node.js v17.0.1

  Rendered layout layouts/application.html.erb (Duration: 5659.9ms | Allocations: 8816)
Completed 500 Internal Server Error in 5675ms (ActiveRecord: 3.8ms | Allocations: 10947)


  
ActionView::Template::Error (Webpacker can't find application.js in /Users/mac/Development/code/portfolio-maker-phase4/public/packs/manifest.json. Possible causes:
1. You want to set webpacker.yml value of compile to true for your environment
   unless you are using the `webpack -w` or the webpack-dev-server.
2. webpack has not yet re-run to reflect updates.
3. You have misconfigured Webpacker's config/webpacker.yml file.
4. Your webpack configuration is not creating a manifest.
Your manifest contains:
{
}
):
     7:     <%= csp_meta_tag %>
     8: 
     9:     <%= stylesheet_link_tag 'application', media: 'all', 'data-turbolinks-track': 'reload' %>
    10:     <%= javascript_pack_tag 'application', 'data-turbolinks-track': 'reload' %>
    11:   </head>
    12: 
    13:   <body>
  
app/views/layouts/application.html.erb:10
Started GET "/" for 127.0.0.1 at 2022-09-21 07:00:58 +1000
  [1m[35m (1.7ms)[0m  [1m[34mSELECT sqlite_version(*)[0m
  [1m[35m (0.6ms)[0m  [1m[34mSELECT "schema_migrations"."version" FROM "schema_migrations" ORDER BY "schema_migrations"."version" ASC[0m
Processing by Rails::WelcomeController#index as HTML
  Rendering /Users/mac/.rvm/gems/ruby-2.6.1/gems/railties-6.1.7/lib/rails/templates/rails/welcome/index.html.erb
  Rendered /Users/mac/.rvm/gems/ruby-2.6.1/gems/railties-6.1.7/lib/rails/templates/rails/welcome/index.html.erb (Duration: 49.1ms | Allocations: 358)
Completed 200 OK in 128ms (Views: 60.3ms | ActiveRecord: 0.0ms | Allocations: 2667)


Started GET "/projects/1" for 127.0.0.1 at 2022-09-21 07:01:06 +1000
Processing by ProjectsController#show as HTML
  Parameters: {"id"=>"1"}
  [1m[36mProject Load (0.8ms)[0m  [1m[34mSELECT "projects".* FROM "projects" WHERE "projects"."id" = ? LIMIT ?[0m  [["id", 1], ["LIMIT", 1]]
  ↳ app/controllers/projects_controller.rb:7:in `show'
  Rendering layout layouts/application.html.erb
  Rendering projects/show.html.erb within layouts/application
  [1m[36mSkill Load (1.3ms)[0m  [1m[34mSELECT "skills".* FROM "skills" WHERE "skills"."id" = ? LIMIT ?[0m  [["id", 1], ["LIMIT", 1]]
  ↳ app/views/projects/show.html.erb:3
  Rendered projects/show.html.erb within layouts/application (Duration: 47.1ms | Allocations: 6404)
[Webpacker] Compiling...
[Webpacker] Compilation failed:
node:internal/crypto/hash:67
  this[kHandle] = new _Hash(algorithm, xofLen);
                  ^

Error: error:0308010C:digital envelope routines::unsupported
    at new Hash (node:internal/crypto/hash:67:19)
    at Object.createHash (node:crypto:130:10)
    at module.exports (/Users/mac/Development/code/portfolio-maker-phase4/node_modules/webpack/lib/util/createHash.js:135:53)
    at NormalModule._initBuildHash (/Users/mac/Development/code/portfolio-maker-phase4/node_modules/webpack/lib/NormalModule.js:417:16)
    at handleParseError (/Users/mac/Development/code/portfolio-maker-phase4/node_modules/webpack/lib/NormalModule.js:471:10)
    at /Users/mac/Development/code/portfolio-maker-phase4/node_modules/webpack/lib/NormalModule.js:503:5
    at /Users/mac/Development/code/portfolio-maker-phase4/node_modules/webpack/lib/NormalModule.js:358:12
    at /Users/mac/Development/code/portfolio-maker-phase4/node_modules/loader-runner/lib/LoaderRunner.js:373:3
    at iterateNormalLoaders (/Users/mac/Development/code/portfolio-maker-phase4/node_modules/loader-runner/lib/LoaderRunner.js:214:10)
    at iterateNormalLoaders (/Users/mac/Development/code/portfolio-maker-phase4/node_modules/loader-runner/lib/LoaderRunner.js:221:10)
    at /Users/mac/Development/code/portfolio-maker-phase4/node_modules/loader-runner/lib/LoaderRunner.js:236:3
    at context.callback (/Users/mac/Development/code/portfolio-maker-phase4/node_modules/loader-runner/lib/LoaderRunner.js:111:13)
    at /Users/mac/Development/code/portfolio-maker-phase4/node_modules/babel-loader/lib/index.js:59:71 {
  opensslErrorStack: [ 'error:03000086:digital envelope routines::initialization error' ],
  library: 'digital envelope routines',
  reason: 'unsupported',
  code: 'ERR_OSSL_EVP_UNSUPPORTED'
}

Node.js v17.0.1

  Rendered layout layouts/application.html.erb (Duration: 8578.4ms | Allocations: 18393)
Completed 500 Internal Server Error in 8616ms (ActiveRecord: 4.5ms | Allocations: 25375)


  
ActionView::Template::Error (Webpacker can't find application.js in /Users/mac/Development/code/portfolio-maker-phase4/public/packs/manifest.json. Possible causes:
1. You want to set webpacker.yml value of compile to true for your environment
   unless you are using the `webpack -w` or the webpack-dev-server.
2. webpack has not yet re-run to reflect updates.
3. You have misconfigured Webpacker's config/webpacker.yml file.
4. Your webpack configuration is not creating a manifest.
Your manifest contains:
{
}
):
     7:     <%= csp_meta_tag %>
     8: 
     9:     <%= stylesheet_link_tag 'application', media: 'all', 'data-turbolinks-track': 'reload' %>
    10:     <%= javascript_pack_tag 'application', 'data-turbolinks-track': 'reload' %>
    11:   </head>
    12: 
    13:   <body>
  
app/views/layouts/application.html.erb:10
Started GET "/" for 127.0.0.1 at 2022-09-21 07:09:41 +1000
  [1m[35m (29.9ms)[0m  [1m[34mSELECT sqlite_version(*)[0m
  [1m[35m (0.6ms)[0m  [1m[34mSELECT "schema_migrations"."version" FROM "schema_migrations" ORDER BY "schema_migrations"."version" ASC[0m
Processing by Rails::WelcomeController#index as HTML
  Rendering /Users/mac/.rvm/gems/ruby-2.6.1/gems/railties-6.1.7/lib/rails/templates/rails/welcome/index.html.erb
  Rendered /Users/mac/.rvm/gems/ruby-2.6.1/gems/railties-6.1.7/lib/rails/templates/rails/welcome/index.html.erb (Duration: 11.7ms | Allocations: 358)
Completed 200 OK in 83ms (Views: 16.6ms | ActiveRecord: 0.0ms | Allocations: 2666)


Started GET "/projects/1" for 127.0.0.1 at 2022-09-21 07:09:50 +1000
Processing by ProjectsController#show as HTML
  Parameters: {"id"=>"1"}
  [1m[36mProject Load (0.6ms)[0m  [1m[34mSELECT "projects".* FROM "projects" WHERE "projects"."id" = ? LIMIT ?[0m  [["id", 1], ["LIMIT", 1]]
  ↳ app/controllers/projects_controller.rb:7:in `show'
  Rendering layout layouts/application.html.erb
  Rendering projects/show.html.erb within layouts/application
  [1m[36mSkill Load (2.0ms)[0m  [1m[34mSELECT "skills".* FROM "skills" WHERE "skills"."id" = ? LIMIT ?[0m  [["id", 1], ["LIMIT", 1]]
  ↳ app/views/projects/show.html.erb:3
  Rendered projects/show.html.erb within layouts/application (Duration: 114.7ms | Allocations: 10466)
[Webpacker] Compiling...
[Webpacker] Compilation failed:
node:internal/crypto/hash:67
  this[kHandle] = new _Hash(algorithm, xofLen);
                  ^

Error: error:0308010C:digital envelope routines::unsupported
    at new Hash (node:internal/crypto/hash:67:19)
    at Object.createHash (node:crypto:130:10)
    at module.exports (/Users/mac/Development/code/portfolio-maker-phase4/node_modules/webpack/lib/util/createHash.js:135:53)
    at NormalModule._initBuildHash (/Users/mac/Development/code/portfolio-maker-phase4/node_modules/webpack/lib/NormalModule.js:417:16)
    at handleParseError (/Users/mac/Development/code/portfolio-maker-phase4/node_modules/webpack/lib/NormalModule.js:471:10)
    at /Users/mac/Development/code/portfolio-maker-phase4/node_modules/webpack/lib/NormalModule.js:503:5
    at /Users/mac/Development/code/portfolio-maker-phase4/node_modules/webpack/lib/NormalModule.js:358:12
    at /Users/mac/Development/code/portfolio-maker-phase4/node_modules/loader-runner/lib/LoaderRunner.js:373:3
    at iterateNormalLoaders (/Users/mac/Development/code/portfolio-maker-phase4/node_modules/loader-runner/lib/LoaderRunner.js:214:10)
    at iterateNormalLoaders (/Users/mac/Development/code/portfolio-maker-phase4/node_modules/loader-runner/lib/LoaderRunner.js:221:10)
    at /Users/mac/Development/code/portfolio-maker-phase4/node_modules/loader-runner/lib/LoaderRunner.js:236:3
    at context.callback (/Users/mac/Development/code/portfolio-maker-phase4/node_modules/loader-runner/lib/LoaderRunner.js:111:13)
    at /Users/mac/Development/code/portfolio-maker-phase4/node_modules/babel-loader/lib/index.js:59:71 {
  opensslErrorStack: [ 'error:03000086:digital envelope routines::initialization error' ],
  library: 'digital envelope routines',
  reason: 'unsupported',
  code: 'ERR_OSSL_EVP_UNSUPPORTED'
}

Node.js v17.0.1

  Rendered layout layouts/application.html.erb (Duration: 9668.1ms | Allocations: 20222)
Completed 500 Internal Server Error in 9723ms (ActiveRecord: 5.3ms | Allocations: 27989)


  
ActionView::Template::Error (Webpacker can't find application.js in /Users/mac/Development/code/portfolio-maker-phase4/public/packs/manifest.json. Possible causes:
1. You want to set webpacker.yml value of compile to true for your environment
   unless you are using the `webpack -w` or the webpack-dev-server.
2. webpack has not yet re-run to reflect updates.
3. You have misconfigured Webpacker's config/webpacker.yml file.
4. Your webpack configuration is not creating a manifest.
Your manifest contains:
{
}
):
     7:     <%= csp_meta_tag %>
     8: 
     9:     <%= stylesheet_link_tag 'application', media: 'all', 'data-turbolinks-track': 'reload' %>
    10:     <%= javascript_pack_tag 'application', 'data-turbolinks-track': 'reload' %>
    11:   </head>
    12: 
    13:   <body>
  
app/views/layouts/application.html.erb:10
  [1m[35m (1.3ms)[0m  [1m[34mSELECT sqlite_version(*)[0m
  [1m[35m (2.1ms)[0m  [1m[34mSELECT "schema_migrations"."version" FROM "schema_migrations" ORDER BY "schema_migrations"."version" ASC[0m
  [1m[36mActiveRecord::InternalMetadata Load (1.8ms)[0m  [1m[34mSELECT "ar_internal_metadata".* FROM "ar_internal_metadata" WHERE "ar_internal_metadata"."key" = ? LIMIT ?[0m  [["key", "environment"], ["LIMIT", 1]]
  [1m[35m (0.1ms)[0m  [1m[34mSELECT sqlite_version(*)[0m
  [1m[35m (0.2ms)[0m  [1m[34mSELECT "schema_migrations"."version" FROM "schema_migrations" ORDER BY "schema_migrations"."version" ASC[0m
  [1m[35m (1.6ms)[0m  [1m[34mSELECT sqlite_version(*)[0m
  [1m[35m (0.6ms)[0m  [1m[34mSELECT "schema_migrations"."version" FROM "schema_migrations" ORDER BY "schema_migrations"."version" ASC[0m
  [1m[35m (0.1ms)[0m  [1m[34mSELECT sqlite_version(*)[0m
  [1m[36mTRANSACTION (0.1ms)[0m  [1m[36mbegin transaction[0m
  [1m[36mSkill Create (4.2ms)[0m  [1m[32mINSERT INTO "skills" ("name", "created_at", "updated_at") VALUES (?, ?, ?)[0m  [["name", "JavaScript"], ["created_at", "2022-09-20 21:19:41.770167"], ["updated_at", "2022-09-20 21:19:41.770167"]]
  [1m[36mTRANSACTION (1.3ms)[0m  [1m[36mcommit transaction[0m
  [1m[36mTRANSACTION (0.1ms)[0m  [1m[36mbegin transaction[0m
  [1m[36mProject Create (1.2ms)[0m  [1m[32mINSERT INTO "projects" ("title", "created_at", "updated_at", "skill_id") VALUES (?, ?, ?, ?)[0m  [["title", "Mini Tracker"], ["created_at", "2022-09-20 21:19:41.809465"], ["updated_at", "2022-09-20 21:19:41.809465"], ["skill_id", 3]]
  [1m[36mTRANSACTION (0.9ms)[0m  [1m[36mcommit transaction[0m
  [1m[36mTRANSACTION (0.1ms)[0m  [1m[36mbegin transaction[0m
  [1m[36mSkill Create (0.5ms)[0m  [1m[32mINSERT INTO "skills" ("name", "created_at", "updated_at") VALUES (?, ?, ?)[0m  [["name", "HTML-CSS"], ["created_at", "2022-09-20 21:19:41.816809"], ["updated_at", "2022-09-20 21:19:41.816809"]]
  [1m[36mTRANSACTION (2.7ms)[0m  [1m[36mcommit transaction[0m
Started GET "/projects/1" for 127.0.0.1 at 2022-09-21 07:19:57 +1000
  [1m[35m (8.2ms)[0m  [1m[34mSELECT sqlite_version(*)[0m
  [1m[35m (0.6ms)[0m  [1m[34mSELECT "schema_migrations"."version" FROM "schema_migrations" ORDER BY "schema_migrations"."version" ASC[0m
Processing by ProjectsController#show as HTML
  Parameters: {"id"=>"1"}
  [1m[36mProject Load (2.6ms)[0m  [1m[34mSELECT "projects".* FROM "projects" WHERE "projects"."id" = ? LIMIT ?[0m  [["id", 1], ["LIMIT", 1]]
  ↳ app/controllers/projects_controller.rb:7:in `show'
  Rendering layout layouts/application.html.erb
  Rendering projects/show.html.erb within layouts/application
  [1m[36mSkill Load (0.5ms)[0m  [1m[34mSELECT "skills".* FROM "skills" WHERE "skills"."id" = ? LIMIT ?[0m  [["id", 1], ["LIMIT", 1]]
  ↳ app/views/projects/show.html.erb:3
  Rendered projects/show.html.erb within layouts/application (Duration: 31.6ms | Allocations: 6122)
[Webpacker] Compiling...
[Webpacker] Compilation failed:
node:internal/crypto/hash:67
  this[kHandle] = new _Hash(algorithm, xofLen);
                  ^

Error: error:0308010C:digital envelope routines::unsupported
    at new Hash (node:internal/crypto/hash:67:19)
    at Object.createHash (node:crypto:130:10)
    at module.exports (/Users/mac/Development/code/portfolio-maker-phase4/node_modules/webpack/lib/util/createHash.js:135:53)
    at NormalModule._initBuildHash (/Users/mac/Development/code/portfolio-maker-phase4/node_modules/webpack/lib/NormalModule.js:417:16)
    at handleParseError (/Users/mac/Development/code/portfolio-maker-phase4/node_modules/webpack/lib/NormalModule.js:471:10)
    at /Users/mac/Development/code/portfolio-maker-phase4/node_modules/webpack/lib/NormalModule.js:503:5
    at /Users/mac/Development/code/portfolio-maker-phase4/node_modules/webpack/lib/NormalModule.js:358:12
    at /Users/mac/Development/code/portfolio-maker-phase4/node_modules/loader-runner/lib/LoaderRunner.js:373:3
    at iterateNormalLoaders (/Users/mac/Development/code/portfolio-maker-phase4/node_modules/loader-runner/lib/LoaderRunner.js:214:10)
    at iterateNormalLoaders (/Users/mac/Development/code/portfolio-maker-phase4/node_modules/loader-runner/lib/LoaderRunner.js:221:10)
    at /Users/mac/Development/code/portfolio-maker-phase4/node_modules/loader-runner/lib/LoaderRunner.js:236:3
    at context.callback (/Users/mac/Development/code/portfolio-maker-phase4/node_modules/loader-runner/lib/LoaderRunner.js:111:13)
    at /Users/mac/Development/code/portfolio-maker-phase4/node_modules/babel-loader/lib/index.js:59:71 {
  opensslErrorStack: [ 'error:03000086:digital envelope routines::initialization error' ],
  library: 'digital envelope routines',
  reason: 'unsupported',
  code: 'ERR_OSSL_EVP_UNSUPPORTED'
}

Node.js v17.0.1

  Rendered layout layouts/application.html.erb (Duration: 9827.2ms | Allocations: 13454)
Completed 500 Internal Server Error in 9999ms (ActiveRecord: 6.1ms | Allocations: 21838)


  
ActionView::Template::Error (Webpacker can't find application.js in /Users/mac/Development/code/portfolio-maker-phase4/public/packs/manifest.json. Possible causes:
1. You want to set webpacker.yml value of compile to true for your environment
   unless you are using the `webpack -w` or the webpack-dev-server.
2. webpack has not yet re-run to reflect updates.
3. You have misconfigured Webpacker's config/webpacker.yml file.
4. Your webpack configuration is not creating a manifest.
Your manifest contains:
{
}
):
     7:     <%= csp_meta_tag %>
     8: 
     9:     <%= stylesheet_link_tag 'application', media: 'all', 'data-turbolinks-track': 'reload' %>
    10:     <%= javascript_pack_tag 'application', 'data-turbolinks-track': 'reload' %>
    11:   </head>
    12: 
    13:   <body>
  
app/views/layouts/application.html.erb:10
Started GET "/projects/1" for 127.0.0.1 at 2022-09-21 07:22:54 +1000
  [1m[35m (6.1ms)[0m  [1m[34mSELECT sqlite_version(*)[0m
  [1m[35m (0.5ms)[0m  [1m[34mSELECT "schema_migrations"."version" FROM "schema_migrations" ORDER BY "schema_migrations"."version" ASC[0m
Processing by ProjectsController#show as HTML
  Parameters: {"id"=>"1"}
  [1m[36mProject Load (0.7ms)[0m  [1m[34mSELECT "projects".* FROM "projects" WHERE "projects"."id" = ? LIMIT ?[0m  [["id", 1], ["LIMIT", 1]]
  ↳ app/controllers/projects_controller.rb:7:in `show'
  Rendering layout layouts/application.html.erb
  Rendering projects/show.html.erb within layouts/application
  [1m[36mSkill Load (0.4ms)[0m  [1m[34mSELECT "skills".* FROM "skills" WHERE "skills"."id" = ? LIMIT ?[0m  [["id", 1], ["LIMIT", 1]]
  ↳ app/views/projects/show.html.erb:3
  Rendered projects/show.html.erb within layouts/application (Duration: 29.1ms | Allocations: 6122)
[Webpacker] Compiling...
[Webpacker] Compilation failed:
node:internal/crypto/hash:67
  this[kHandle] = new _Hash(algorithm, xofLen);
                  ^

Error: error:0308010C:digital envelope routines::unsupported
    at new Hash (node:internal/crypto/hash:67:19)
    at Object.createHash (node:crypto:130:10)
    at module.exports (/Users/mac/Development/code/portfolio-maker-phase4/node_modules/webpack/lib/util/createHash.js:135:53)
    at NormalModule._initBuildHash (/Users/mac/Development/code/portfolio-maker-phase4/node_modules/webpack/lib/NormalModule.js:417:16)
    at handleParseError (/Users/mac/Development/code/portfolio-maker-phase4/node_modules/webpack/lib/NormalModule.js:471:10)
    at /Users/mac/Development/code/portfolio-maker-phase4/node_modules/webpack/lib/NormalModule.js:503:5
    at /Users/mac/Development/code/portfolio-maker-phase4/node_modules/webpack/lib/NormalModule.js:358:12
    at /Users/mac/Development/code/portfolio-maker-phase4/node_modules/loader-runner/lib/LoaderRunner.js:373:3
    at iterateNormalLoaders (/Users/mac/Development/code/portfolio-maker-phase4/node_modules/loader-runner/lib/LoaderRunner.js:214:10)
    at iterateNormalLoaders (/Users/mac/Development/code/portfolio-maker-phase4/node_modules/loader-runner/lib/LoaderRunner.js:221:10)
    at /Users/mac/Development/code/portfolio-maker-phase4/node_modules/loader-runner/lib/LoaderRunner.js:236:3
    at context.callback (/Users/mac/Development/code/portfolio-maker-phase4/node_modules/loader-runner/lib/LoaderRunner.js:111:13)
    at /Users/mac/Development/code/portfolio-maker-phase4/node_modules/babel-loader/lib/index.js:59:71 {
  opensslErrorStack: [ 'error:03000086:digital envelope routines::initialization error' ],
  library: 'digital envelope routines',
  reason: 'unsupported',
  code: 'ERR_OSSL_EVP_UNSUPPORTED'
}

Node.js v17.0.1

  Rendered layout layouts/application.html.erb (Duration: 9594.3ms | Allocations: 17697)
Completed 500 Internal Server Error in 9670ms (ActiveRecord: 3.5ms | Allocations: 26082)


  
ActionView::Template::Error (Webpacker can't find application.js in /Users/mac/Development/code/portfolio-maker-phase4/public/packs/manifest.json. Possible causes:
1. You want to set webpacker.yml value of compile to true for your environment
   unless you are using the `webpack -w` or the webpack-dev-server.
2. webpack has not yet re-run to reflect updates.
3. You have misconfigured Webpacker's config/webpacker.yml file.
4. Your webpack configuration is not creating a manifest.
Your manifest contains:
{
}
):
     7:     <%= csp_meta_tag %>
     8: 
     9:     <%= stylesheet_link_tag 'application', media: 'all', 'data-turbolinks-track': 'reload' %>
    10:     <%= javascript_pack_tag 'application', 'data-turbolinks-track': 'reload' %>
    11:   </head>
    12: 
    13:   <body>
  
app/views/layouts/application.html.erb:10
Started GET "/projects/" for 127.0.0.1 at 2022-09-21 07:23:12 +1000
Processing by ProjectsController#index as HTML
  Rendering layout layouts/application.html.erb
  Rendering projects/index.html.erb within layouts/application
  [1m[36mProject Load (0.8ms)[0m  [1m[34mSELECT "projects".* FROM "projects"[0m
  ↳ app/views/projects/index.html.erb:3
  Rendered projects/index.html.erb within layouts/application (Duration: 7.1ms | Allocations: 1038)
[Webpacker] Compiling...
[Webpacker] Compilation failed:
node:internal/crypto/hash:67
  this[kHandle] = new _Hash(algorithm, xofLen);
                  ^

Error: error:0308010C:digital envelope routines::unsupported
    at new Hash (node:internal/crypto/hash:67:19)
    at Object.createHash (node:crypto:130:10)
    at module.exports (/Users/mac/Development/code/portfolio-maker-phase4/node_modules/webpack/lib/util/createHash.js:135:53)
    at NormalModule._initBuildHash (/Users/mac/Development/code/portfolio-maker-phase4/node_modules/webpack/lib/NormalModule.js:417:16)
    at handleParseError (/Users/mac/Development/code/portfolio-maker-phase4/node_modules/webpack/lib/NormalModule.js:471:10)
    at /Users/mac/Development/code/portfolio-maker-phase4/node_modules/webpack/lib/NormalModule.js:503:5
    at /Users/mac/Development/code/portfolio-maker-phase4/node_modules/webpack/lib/NormalModule.js:358:12
    at /Users/mac/Development/code/portfolio-maker-phase4/node_modules/loader-runner/lib/LoaderRunner.js:373:3
    at iterateNormalLoaders (/Users/mac/Development/code/portfolio-maker-phase4/node_modules/loader-runner/lib/LoaderRunner.js:214:10)
    at iterateNormalLoaders (/Users/mac/Development/code/portfolio-maker-phase4/node_modules/loader-runner/lib/LoaderRunner.js:221:10)
    at /Users/mac/Development/code/portfolio-maker-phase4/node_modules/loader-runner/lib/LoaderRunner.js:236:3
    at context.callback (/Users/mac/Development/code/portfolio-maker-phase4/node_modules/loader-runner/lib/LoaderRunner.js:111:13)
    at /Users/mac/Development/code/portfolio-maker-phase4/node_modules/babel-loader/lib/index.js:59:71 {
  opensslErrorStack: [ 'error:03000086:digital envelope routines::initialization error' ],
  library: 'digital envelope routines',
  reason: 'unsupported',
  code: 'ERR_OSSL_EVP_UNSUPPORTED'
}

Node.js v17.0.1

  Rendered layout layouts/application.html.erb (Duration: 7605.1ms | Allocations: 6450)
Completed 500 Internal Server Error in 7609ms (ActiveRecord: 0.8ms | Allocations: 6998)


  
ActionView::Template::Error (Webpacker can't find application.js in /Users/mac/Development/code/portfolio-maker-phase4/public/packs/manifest.json. Possible causes:
1. You want to set webpacker.yml value of compile to true for your environment
   unless you are using the `webpack -w` or the webpack-dev-server.
2. webpack has not yet re-run to reflect updates.
3. You have misconfigured Webpacker's config/webpacker.yml file.
4. Your webpack configuration is not creating a manifest.
Your manifest contains:
{
}
):
     7:     <%= csp_meta_tag %>
     8: 
     9:     <%= stylesheet_link_tag 'application', media: 'all', 'data-turbolinks-track': 'reload' %>
    10:     <%= javascript_pack_tag 'application', 'data-turbolinks-track': 'reload' %>
    11:   </head>
    12: 
    13:   <body>
  
app/views/layouts/application.html.erb:10
Started GET "/skills/" for 127.0.0.1 at 2022-09-21 07:23:27 +1000
Processing by SkillsController#index as HTML
  Rendering layout layouts/application.html.erb
  Rendering skills/index.html.erb within layouts/application
  [1m[36mSkill Load (0.3ms)[0m  [1m[34mSELECT "skills".* FROM "skills"[0m
  ↳ app/views/skills/index.html.erb:3
  Rendered skills/index.html.erb within layouts/application (Duration: 5.9ms | Allocations: 1017)
[Webpacker] Compiling...
[Webpacker] Compilation failed:
node:internal/crypto/hash:67
  this[kHandle] = new _Hash(algorithm, xofLen);
                  ^

Error: error:0308010C:digital envelope routines::unsupported
    at new Hash (node:internal/crypto/hash:67:19)
    at Object.createHash (node:crypto:130:10)
    at module.exports (/Users/mac/Development/code/portfolio-maker-phase4/node_modules/webpack/lib/util/createHash.js:135:53)
    at NormalModule._initBuildHash (/Users/mac/Development/code/portfolio-maker-phase4/node_modules/webpack/lib/NormalModule.js:417:16)
    at handleParseError (/Users/mac/Development/code/portfolio-maker-phase4/node_modules/webpack/lib/NormalModule.js:471:10)
    at /Users/mac/Development/code/portfolio-maker-phase4/node_modules/webpack/lib/NormalModule.js:503:5
    at /Users/mac/Development/code/portfolio-maker-phase4/node_modules/webpack/lib/NormalModule.js:358:12
    at /Users/mac/Development/code/portfolio-maker-phase4/node_modules/loader-runner/lib/LoaderRunner.js:373:3
    at iterateNormalLoaders (/Users/mac/Development/code/portfolio-maker-phase4/node_modules/loader-runner/lib/LoaderRunner.js:214:10)
    at iterateNormalLoaders (/Users/mac/Development/code/portfolio-maker-phase4/node_modules/loader-runner/lib/LoaderRunner.js:221:10)
    at /Users/mac/Development/code/portfolio-maker-phase4/node_modules/loader-runner/lib/LoaderRunner.js:236:3
    at context.callback (/Users/mac/Development/code/portfolio-maker-phase4/node_modules/loader-runner/lib/LoaderRunner.js:111:13)
    at /Users/mac/Development/code/portfolio-maker-phase4/node_modules/babel-loader/lib/index.js:59:71 {
  opensslErrorStack: [ 'error:03000086:digital envelope routines::initialization error' ],
  library: 'digital envelope routines',
  reason: 'unsupported',
  code: 'ERR_OSSL_EVP_UNSUPPORTED'
}

Node.js v17.0.1

  Rendered layout layouts/application.html.erb (Duration: 7653.2ms | Allocations: 6258)
Completed 500 Internal Server Error in 7660ms (ActiveRecord: 0.3ms | Allocations: 7109)


  
ActionView::Template::Error (Webpacker can't find application.js in /Users/mac/Development/code/portfolio-maker-phase4/public/packs/manifest.json. Possible causes:
1. You want to set webpacker.yml value of compile to true for your environment
   unless you are using the `webpack -w` or the webpack-dev-server.
2. webpack has not yet re-run to reflect updates.
3. You have misconfigured Webpacker's config/webpacker.yml file.
4. Your webpack configuration is not creating a manifest.
Your manifest contains:
{
}
):
     7:     <%= csp_meta_tag %>
     8: 
     9:     <%= stylesheet_link_tag 'application', media: 'all', 'data-turbolinks-track': 'reload' %>
    10:     <%= javascript_pack_tag 'application', 'data-turbolinks-track': 'reload' %>
    11:   </head>
    12: 
    13:   <body>
  
app/views/layouts/application.html.erb:10
Started GET "/skills/1" for 127.0.0.1 at 2022-09-21 07:23:35 +1000
Processing by SkillsController#show as HTML
  Parameters: {"id"=>"1"}
  [1m[35m (0.1ms)[0m  [1m[34mSELECT sqlite_version(*)[0m
  ↳ app/controllers/skills_controller.rb:7:in `show'
  [1m[36mSkill Load (0.5ms)[0m  [1m[34mSELECT "skills".* FROM "skills" WHERE "skills"."id" = ? LIMIT ?[0m  [["id", 1], ["LIMIT", 1]]
  ↳ app/controllers/skills_controller.rb:7:in `show'
  Rendering layout layouts/application.html.erb
  Rendering skills/show.html.erb within layouts/application
  [1m[35m (1.2ms)[0m  [1m[34mSELECT COUNT(*) FROM "projects" WHERE "projects"."skill_id" = ?[0m  [["skill_id", 1]]
  ↳ app/views/skills/show.html.erb:2
  [1m[36mProject Load (0.4ms)[0m  [1m[34mSELECT "projects".* FROM "projects" WHERE "projects"."skill_id" = ?[0m  [["skill_id", 1]]
  ↳ app/views/skills/show.html.erb:4
  Rendered skills/show.html.erb within layouts/application (Duration: 40.2ms | Allocations: 9865)
[Webpacker] Compiling...
[Webpacker] Compilation failed:
node:internal/crypto/hash:67
  this[kHandle] = new _Hash(algorithm, xofLen);
                  ^

Error: error:0308010C:digital envelope routines::unsupported
    at new Hash (node:internal/crypto/hash:67:19)
    at Object.createHash (node:crypto:130:10)
    at module.exports (/Users/mac/Development/code/portfolio-maker-phase4/node_modules/webpack/lib/util/createHash.js:135:53)
    at NormalModule._initBuildHash (/Users/mac/Development/code/portfolio-maker-phase4/node_modules/webpack/lib/NormalModule.js:417:16)
    at handleParseError (/Users/mac/Development/code/portfolio-maker-phase4/node_modules/webpack/lib/NormalModule.js:471:10)
    at /Users/mac/Development/code/portfolio-maker-phase4/node_modules/webpack/lib/NormalModule.js:503:5
    at /Users/mac/Development/code/portfolio-maker-phase4/node_modules/webpack/lib/NormalModule.js:358:12
    at /Users/mac/Development/code/portfolio-maker-phase4/node_modules/loader-runner/lib/LoaderRunner.js:373:3
    at iterateNormalLoaders (/Users/mac/Development/code/portfolio-maker-phase4/node_modules/loader-runner/lib/LoaderRunner.js:214:10)
    at iterateNormalLoaders (/Users/mac/Development/code/portfolio-maker-phase4/node_modules/loader-runner/lib/LoaderRunner.js:221:10)
    at /Users/mac/Development/code/portfolio-maker-phase4/node_modules/loader-runner/lib/LoaderRunner.js:236:3
    at context.callback (/Users/mac/Development/code/portfolio-maker-phase4/node_modules/loader-runner/lib/LoaderRunner.js:111:13)
    at /Users/mac/Development/code/portfolio-maker-phase4/node_modules/babel-loader/lib/index.js:59:71 {
  opensslErrorStack: [ 'error:03000086:digital envelope routines::initialization error' ],
  library: 'digital envelope routines',
  reason: 'unsupported',
  code: 'ERR_OSSL_EVP_UNSUPPORTED'
}

Node.js v17.0.1

  Rendered layout layouts/application.html.erb (Duration: 8194.0ms | Allocations: 65967)
Completed 500 Internal Server Error in 8203ms (ActiveRecord: 2.6ms | Allocations: 67721)


  
ActionView::Template::Error (Webpacker can't find application.js in /Users/mac/Development/code/portfolio-maker-phase4/public/packs/manifest.json. Possible causes:
1. You want to set webpacker.yml value of compile to true for your environment
   unless you are using the `webpack -w` or the webpack-dev-server.
2. webpack has not yet re-run to reflect updates.
3. You have misconfigured Webpacker's config/webpacker.yml file.
4. Your webpack configuration is not creating a manifest.
Your manifest contains:
{
}
):
     7:     <%= csp_meta_tag %>
     8: 
     9:     <%= stylesheet_link_tag 'application', media: 'all', 'data-turbolinks-track': 'reload' %>
    10:     <%= javascript_pack_tag 'application', 'data-turbolinks-track': 'reload' %>
    11:   </head>
    12: 
    13:   <body>
  
app/views/layouts/application.html.erb:10
